<?xml version="1.0" encoding="UTF-8"?>
<testng-results ignored="0" total="1" passed="1" failed="0" skipped="0">
  <reporter-output>
  </reporter-output>
  <suite started-at="2022-07-19T19:29:25 ART" name="Default suite" finished-at="2022-07-19T19:29:48 ART" duration-ms="22878">
    <groups>
    </groups>
    <test started-at="2022-07-19T19:29:25 ART" name="Default test" finished-at="2022-07-19T19:29:48 ART" duration-ms="22878">
      <class name="Google.Busqueda">
        <test-method is-config="true" signature="beforeMethod()[pri:0, instance:Google.Busqueda@17f62e33]" started-at="2022-07-19T19:29:25 ART" name="beforeMethod" finished-at="2022-07-19T19:29:28 ART" duration-ms="3510" status="PASS">
          <reporter-output>
          </reporter-output>
        </test-method> <!-- beforeMethod -->
        <test-method signature="Busqueda1()[pri:0, instance:Google.Busqueda@17f62e33]" started-at="2022-07-19T19:29:28 ART" name="Busqueda1" finished-at="2022-07-19T19:29:47 ART" duration-ms="19066" status="PASS">
          <reporter-output>
          </reporter-output>
        </test-method> <!-- Busqueda1 -->
        <test-method is-config="true" signature="afterMethod()[pri:0, instance:Google.Busqueda@17f62e33]" started-at="2022-07-19T19:29:47 ART" name="afterMethod" finished-at="2022-07-19T19:29:48 ART" duration-ms="244" status="PASS">
          <reporter-output>
          </reporter-output>
        </test-method> <!-- afterMethod -->
      </class> <!-- Google.Busqueda -->
    </test> <!-- Default test -->
  </suite> <!-- Default suite -->
</testng-results>
