<?xml version="1.0" encoding="UTF-8"?>
<testng-results ignored="0" total="1" passed="1" failed="0" skipped="0">
  <reporter-output>
  </reporter-output>
  <suite started-at="2022-07-20T23:02:54 ART" name="Suite" finished-at="2022-07-20T23:03:25 ART" duration-ms="31386">
    <groups>
    </groups>
    <test started-at="2022-07-20T23:02:54 ART" name="Test" finished-at="2022-07-20T23:03:25 ART" duration-ms="31386">
      <class name="Google.Busqueda">
        <test-method is-config="true" signature="beforeMethod()[pri:0, instance:Google.Busqueda@36c88a32]" started-at="2022-07-20T23:02:54 ART" name="beforeMethod" finished-at="2022-07-20T23:03:06 ART" duration-ms="12148" status="PASS">
          <reporter-output>
          </reporter-output>
        </test-method> <!-- beforeMethod -->
        <test-method signature="Busqueda1()[pri:0, instance:Google.Busqueda@36c88a32]" started-at="2022-07-20T23:03:06 ART" name="Busqueda1" finished-at="2022-07-20T23:03:25 ART" duration-ms="18857" status="PASS">
          <reporter-output>
          </reporter-output>
        </test-method> <!-- Busqueda1 -->
        <test-method is-config="true" signature="afterMethod()[pri:0, instance:Google.Busqueda@36c88a32]" started-at="2022-07-20T23:03:25 ART" name="afterMethod" finished-at="2022-07-20T23:03:25 ART" duration-ms="326" status="PASS">
          <reporter-output>
          </reporter-output>
        </test-method> <!-- afterMethod -->
      </class> <!-- Google.Busqueda -->
    </test> <!-- Test -->
  </suite> <!-- Suite -->
</testng-results>
