<?xml version="1.0" encoding="UTF-8"?>
<testng-results ignored="0" total="1" passed="1" failed="0" skipped="0">
  <reporter-output>
  </reporter-output>
  <suite started-at="2022-07-19T18:36:57 ART" name="Suite" finished-at="2022-07-19T18:37:15 ART" duration-ms="18455">
    <groups>
    </groups>
    <test started-at="2022-07-19T18:36:57 ART" name="Test" finished-at="2022-07-19T18:37:15 ART" duration-ms="18455">
      <class name="Google.Busqueda">
        <test-method is-config="true" signature="beforeMethod()[pri:0, instance:Google.Busqueda@5b03b9fe]" started-at="2022-07-19T18:36:57 ART" name="beforeMethod" finished-at="2022-07-19T18:36:59 ART" duration-ms="1922" status="PASS">
          <reporter-output>
          </reporter-output>
        </test-method> <!-- beforeMethod -->
        <test-method signature="Busqueda1()[pri:0, instance:Google.Busqueda@5b03b9fe]" started-at="2022-07-19T18:36:59 ART" name="Busqueda1" finished-at="2022-07-19T18:37:15 ART" duration-ms="16295" status="PASS">
          <reporter-output>
          </reporter-output>
        </test-method> <!-- Busqueda1 -->
        <test-method is-config="true" signature="afterMethod()[pri:0, instance:Google.Busqueda@5b03b9fe]" started-at="2022-07-19T18:37:15 ART" name="afterMethod" finished-at="2022-07-19T18:37:15 ART" duration-ms="187" status="PASS">
          <reporter-output>
          </reporter-output>
        </test-method> <!-- afterMethod -->
      </class> <!-- Google.Busqueda -->
    </test> <!-- Test -->
  </suite> <!-- Suite -->
</testng-results>
